This file contains any messages produced by compilers while
running configure, to aid debugging if configure makes a mistake.

It was created by lcurve configure 1.3, which was
generated by GNU Autoconf 2.69.  Invocation command line was

  $ ./configure --prefix=/share/data/lijiao/TRM_SOFTWARE/local LDFLAGS=-L/home/lijiao/anaconda3/lib -L/share/data/lijiao/TRM_SOFTWARE/local/lib CPPFLAGS=-I/home/lijiao/anaconda3/include -I/share/data/lijiao/TRM_SOFTWARE/local/include CFLAGS=-I/home/lijiao/anaconda3/include/ CXX=g++ CXXFLAGS=-g -O2 CC=gcc CPP=gcc -E --no-create --no-recursion

## --------- ##
## Platform. ##
## --------- ##

hostname = R730
uname -m = x86_64
uname -r = 5.4.0-110-generic
uname -s = Linux
uname -v = #124-Ubuntu SMP Thu Apr 14 19:46:19 UTC 2022

/usr/bin/uname -p = x86_64
/bin/uname -X     = unknown

/bin/arch              = x86_64
/usr/bin/arch -k       = unknown
/usr/convex/getsysinfo = unknown
/usr/bin/hostinfo      = unknown
/bin/machine           = unknown
/usr/bin/oslevel       = unknown
/bin/universe          = unknown

PATH: /home/lijiao/lijiao/TRM_SOFTWARE/local/bin
PATH: /home/lijiao/lijiao/TRM_SOFTWARE/local/bin
PATH: /home/lijiao/anaconda3/bin
PATH: /home/lijiao/anaconda3/condabin
PATH: /usr/local/sbin
PATH: /usr/local/bin
PATH: /usr/sbin
PATH: /usr/bin
PATH: /sbin
PATH: /bin
PATH: /usr/games
PATH: /usr/local/games
PATH: /snap/bin


## ----------- ##
## Core tests. ##
## ----------- ##

configure:2398: checking for a BSD-compatible install
configure:2466: result: /usr/bin/install -c
configure:2477: checking whether build environment is sane
configure:2532: result: yes
configure:2681: checking for a thread-safe mkdir -p
configure:2720: result: /usr/bin/mkdir -p
configure:2727: checking for gawk
configure:2757: result: no
configure:2727: checking for mawk
configure:2743: found /usr/bin/mawk
configure:2754: result: mawk
configure:2765: checking whether make sets $(MAKE)
configure:2787: result: yes
configure:2816: checking whether make supports nested variables
configure:2833: result: yes
configure:2964: checking whether make sets $(MAKE)
configure:2986: result: yes
configure:3108: checking for C++ compiler version
configure:3117: g++ --version >&5
g++ (Ubuntu 9.4.0-1ubuntu1~20.04.1) 9.4.0
Copyright (C) 2019 Free Software Foundation, Inc.
This is free software; see the source for copying conditions.  There is NO
warranty; not even for MERCHANTABILITY or FITNESS FOR A PARTICULAR PURPOSE.

configure:3128: $? = 0
configure:3117: g++ -v >&5
Using built-in specs.
COLLECT_GCC=g++
COLLECT_LTO_WRAPPER=/usr/lib/gcc/x86_64-linux-gnu/9/lto-wrapper
OFFLOAD_TARGET_NAMES=nvptx-none:hsa
OFFLOAD_TARGET_DEFAULT=1
Target: x86_64-linux-gnu
Configured with: ../src/configure -v --with-pkgversion='Ubuntu 9.4.0-1ubuntu1~20.04.1' --with-bugurl=file:///usr/share/doc/gcc-9/README.Bugs --enable-languages=c,ada,c++,go,brig,d,fortran,objc,obj-c++,gm2 --prefix=/usr --with-gcc-major-version-only --program-suffix=-9 --program-prefix=x86_64-linux-gnu- --enable-shared --enable-linker-build-id --libexecdir=/usr/lib --without-included-gettext --enable-threads=posix --libdir=/usr/lib --enable-nls --enable-clocale=gnu --enable-libstdcxx-debug --enable-libstdcxx-time=yes --with-default-libstdcxx-abi=new --enable-gnu-unique-object --disable-vtable-verify --enable-plugin --enable-default-pie --with-system-zlib --with-target-system-zlib=auto --enable-objc-gc=auto --enable-multiarch --disable-werror --with-arch-32=i686 --with-abi=m64 --with-multilib-list=m32,m64,mx32 --enable-multilib --with-tune=generic --enable-offload-targets=nvptx-none=/build/gcc-9-Av3uEd/gcc-9-9.4.0/debian/tmp-nvptx/usr,hsa --without-cuda-driver --enable-checking=release --build=x86_64-linux-gnu --host=x86_64-linux-gnu --target=x86_64-linux-gnu
Thread model: posix
gcc version 9.4.0 (Ubuntu 9.4.0-1ubuntu1~20.04.1) 
configure:3128: $? = 0
configure:3117: g++ -V >&5
g++: error: unrecognized command line option '-V'
g++: fatal error: no input files
compilation terminated.
configure:3128: $? = 1
configure:3117: g++ -qversion >&5
g++: error: unrecognized command line option '-qversion'; did you mean '--version'?
g++: fatal error: no input files
compilation terminated.
configure:3128: $? = 1
configure:3148: checking whether the C++ compiler works
configure:3170: g++ -g -O2 -I/home/lijiao/anaconda3/include -I/share/data/lijiao/TRM_SOFTWARE/local/include -L/home/lijiao/anaconda3/lib -L/share/data/lijiao/TRM_SOFTWARE/local/lib conftest.cpp  >&5
configure:3174: $? = 0
configure:3222: result: yes
configure:3225: checking for C++ compiler default output file name
configure:3227: result: a.out
configure:3233: checking for suffix of executables
configure:3240: g++ -o conftest -g -O2 -I/home/lijiao/anaconda3/include -I/share/data/lijiao/TRM_SOFTWARE/local/include -L/home/lijiao/anaconda3/lib -L/share/data/lijiao/TRM_SOFTWARE/local/lib conftest.cpp  >&5
configure:3244: $? = 0
configure:3266: result: 
configure:3288: checking whether we are cross compiling
configure:3296: g++ -o conftest -g -O2 -I/home/lijiao/anaconda3/include -I/share/data/lijiao/TRM_SOFTWARE/local/include -L/home/lijiao/anaconda3/lib -L/share/data/lijiao/TRM_SOFTWARE/local/lib conftest.cpp  >&5
configure:3300: $? = 0
configure:3307: ./conftest
configure:3311: $? = 0
configure:3299: result: no
configure:3304: checking for suffix of object files
configure:3326: g++ -c -g -O2 -I/home/lijiao/anaconda3/include -I/share/data/lijiao/TRM_SOFTWARE/local/include conftest.cpp >&5
configure:3330: $? = 0
configure:3351: result: o
configure:3355: checking whether we are using the GNU C++ compiler
configure:3374: g++ -c -g -O2 -I/home/lijiao/anaconda3/include -I/share/data/lijiao/TRM_SOFTWARE/local/include conftest.cpp >&5
configure:3374: $? = 0
configure:3383: result: yes
configure:3392: checking whether g++ accepts -g
configure:3412: g++ -c -g -I/home/lijiao/anaconda3/include -I/share/data/lijiao/TRM_SOFTWARE/local/include conftest.cpp >&5
configure:3412: $? = 0
configure:3453: result: yes
configure:3479: checking whether make supports the include directive
configure:3494: make -f confmf.GNU && cat confinc.out
make[1]: Entering directory '/share/data/lijiao/TRM_SOFTWARE/pylcurve/srcs/cpp-lcurve'
make[1]: Leaving directory '/share/data/lijiao/TRM_SOFTWARE/pylcurve/srcs/cpp-lcurve'
this is the am__doit target
configure:3497: $? = 0
configure:3516: result: yes (GNU style)
configure:3541: checking dependency style of g++
configure:3652: result: gcc3
configure:3715: checking for gcc
configure:3742: result: gcc
configure:3971: checking for C compiler version
configure:3980: gcc --version >&5
gcc (Ubuntu 9.4.0-1ubuntu1~20.04.1) 9.4.0
Copyright (C) 2019 Free Software Foundation, Inc.
This is free software; see the source for copying conditions.  There is NO
warranty; not even for MERCHANTABILITY or FITNESS FOR A PARTICULAR PURPOSE.

configure:3991: $? = 0
configure:3980: gcc -v >&5
Using built-in specs.
COLLECT_GCC=gcc
COLLECT_LTO_WRAPPER=/usr/lib/gcc/x86_64-linux-gnu/9/lto-wrapper
OFFLOAD_TARGET_NAMES=nvptx-none:hsa
OFFLOAD_TARGET_DEFAULT=1
Target: x86_64-linux-gnu
Configured with: ../src/configure -v --with-pkgversion='Ubuntu 9.4.0-1ubuntu1~20.04.1' --with-bugurl=file:///usr/share/doc/gcc-9/README.Bugs --enable-languages=c,ada,c++,go,brig,d,fortran,objc,obj-c++,gm2 --prefix=/usr --with-gcc-major-version-only --program-suffix=-9 --program-prefix=x86_64-linux-gnu- --enable-shared --enable-linker-build-id --libexecdir=/usr/lib --without-included-gettext --enable-threads=posix --libdir=/usr/lib --enable-nls --enable-clocale=gnu --enable-libstdcxx-debug --enable-libstdcxx-time=yes --with-default-libstdcxx-abi=new --enable-gnu-unique-object --disable-vtable-verify --enable-plugin --enable-default-pie --with-system-zlib --with-target-system-zlib=auto --enable-objc-gc=auto --enable-multiarch --disable-werror --with-arch-32=i686 --with-abi=m64 --with-multilib-list=m32,m64,mx32 --enable-multilib --with-tune=generic --enable-offload-targets=nvptx-none=/build/gcc-9-Av3uEd/gcc-9-9.4.0/debian/tmp-nvptx/usr,hsa --without-cuda-driver --enable-checking=release --build=x86_64-linux-gnu --host=x86_64-linux-gnu --target=x86_64-linux-gnu
Thread model: posix
gcc version 9.4.0 (Ubuntu 9.4.0-1ubuntu1~20.04.1) 
configure:3991: $? = 0
configure:3980: gcc -V >&5
gcc: error: unrecognized command line option '-V'
gcc: fatal error: no input files
compilation terminated.
configure:3991: $? = 1
configure:3980: gcc -qversion >&5
gcc: error: unrecognized command line option '-qversion'; did you mean '--version'?
gcc: fatal error: no input files
compilation terminated.
configure:3991: $? = 1
configure:3995: checking whether we are using the GNU C compiler
configure:4014: gcc -c -I/home/lijiao/anaconda3/include/ -I/home/lijiao/anaconda3/include -I/share/data/lijiao/TRM_SOFTWARE/local/include conftest.c >&5
configure:4014: $? = 0
configure:4023: result: yes
configure:4032: checking whether gcc accepts -g
configure:4052: gcc -c -g -I/home/lijiao/anaconda3/include -I/share/data/lijiao/TRM_SOFTWARE/local/include conftest.c >&5
configure:4052: $? = 0
configure:4093: result: yes
configure:4110: checking for gcc option to accept ISO C89
configure:4173: gcc  -c -I/home/lijiao/anaconda3/include/ -I/home/lijiao/anaconda3/include -I/share/data/lijiao/TRM_SOFTWARE/local/include conftest.c >&5
configure:4173: $? = 0
configure:4186: result: none needed
configure:4211: checking whether gcc understands -c and -o together
configure:4233: gcc -c conftest.c -o conftest2.o
configure:4236: $? = 0
configure:4233: gcc -c conftest.c -o conftest2.o
configure:4236: $? = 0
configure:4248: result: yes
configure:4267: checking dependency style of gcc
configure:4378: result: gcc3
configure:4406: checking how to run the C++ preprocessor
configure:4433: g++ -E -I/home/lijiao/anaconda3/include -I/share/data/lijiao/TRM_SOFTWARE/local/include conftest.cpp
configure:4433: $? = 0
configure:4447: g++ -E -I/home/lijiao/anaconda3/include -I/share/data/lijiao/TRM_SOFTWARE/local/include conftest.cpp
conftest.cpp:11:10: fatal error: ac_nonexistent.h: No such file or directory
   11 | #include <ac_nonexistent.h>
      |          ^~~~~~~~~~~~~~~~~~
compilation terminated.
configure:4447: $? = 1
configure: failed program was:
| /* confdefs.h */
| #define PACKAGE_NAME "lcurve"
| #define PACKAGE_TARNAME "lcurve"
| #define PACKAGE_VERSION "1.3"
| #define PACKAGE_STRING "lcurve 1.3"
| #define PACKAGE_BUGREPORT ""
| #define PACKAGE_URL ""
| #define PACKAGE "lcurve"
| #define VERSION "1.3"
| /* end confdefs.h.  */
| #include <ac_nonexistent.h>
configure:4472: result: g++ -E
configure:4492: g++ -E -I/home/lijiao/anaconda3/include -I/share/data/lijiao/TRM_SOFTWARE/local/include conftest.cpp
configure:4492: $? = 0
configure:4506: g++ -E -I/home/lijiao/anaconda3/include -I/share/data/lijiao/TRM_SOFTWARE/local/include conftest.cpp
conftest.cpp:11:10: fatal error: ac_nonexistent.h: No such file or directory
   11 | #include <ac_nonexistent.h>
      |          ^~~~~~~~~~~~~~~~~~
compilation terminated.
configure:4506: $? = 1
configure: failed program was:
| /* confdefs.h */
| #define PACKAGE_NAME "lcurve"
| #define PACKAGE_TARNAME "lcurve"
| #define PACKAGE_VERSION "1.3"
| #define PACKAGE_STRING "lcurve 1.3"
| #define PACKAGE_BUGREPORT ""
| #define PACKAGE_URL ""
| #define PACKAGE "lcurve"
| #define VERSION "1.3"
| /* end confdefs.h.  */
| #include <ac_nonexistent.h>
configure:4567: checking build system type
configure:4581: result: x86_64-pc-linux-gnu
configure:4601: checking host system type
configure:4614: result: x86_64-pc-linux-gnu
configure:4655: checking how to print strings
configure:4682: result: printf
configure:4703: checking for a sed that does not truncate output
configure:4767: result: /usr/bin/sed
configure:4785: checking for grep that handles long lines and -e
configure:4843: result: /usr/bin/grep
configure:4848: checking for egrep
configure:4910: result: /usr/bin/grep -E
configure:4915: checking for fgrep
configure:4977: result: /usr/bin/grep -F
configure:5012: checking for ld used by gcc
configure:5079: result: /usr/bin/ld -m elf_x86_64 -m elf_x86_64 -m elf_x86_64 -m elf_x86_64 -m elf_x86_64 -m elf_x86_64 -m elf_x86_64 -m elf_x86_64 -m elf_x86_64 -m elf_x86_64 -m elf_x86_64 -m elf_x86_64 -m elf_x86_64 -m elf_x86_64 -m elf_x86_64 -m elf_x86_64 -m elf_x86_64 -m elf_x86_64 -m elf_x86_64 -m elf_x86_64 -m elf_x86_64 -m elf_x86_64 -m elf_x86_64 -m elf_x86_64 -m elf_x86_64 -m elf_x86_64 -m elf_x86_64 -m elf_x86_64 -m elf_x86_64 -m elf_x86_64 -m elf_x86_64 -m elf_x86_64 -m elf_x86_64 -m elf_x86_64 -m elf_x86_64 -m elf_x86_64 -m elf_x86_64 -m elf_x86_64 -m elf_x86_64 -m elf_x86_64 -m elf_x86_64 -m elf_x86_64 -m elf_x86_64 -m elf_x86_64 -m elf_x86_64 -m elf_x86_64 -m elf_x86_64 -m elf_x86_64 -m elf_x86_64 -m elf_x86_64 -m elf_x86_64 -m elf_x86_64 -m elf_x86_64 -m elf_x86_64 -m elf_x86_64 -m elf_x86_64 -m elf_x86_64 -m elf_x86_64 -m elf_x86_64 -m elf_x86_64 -m elf_x86_64 -m elf_x86_64 -m elf_x86_64 -m elf_x86_64 -m elf_x86_64 -m elf_x86_64 -m elf_x86_64 -m elf_x86_64 -m elf_x86_64 -m elf_x86_64 -m elf_x86_64 -m elf_x86_64 -m elf_x86_64 -m elf_x86_64 -m elf_x86_64 -m elf_x86_64 -m elf_x86_64 -m elf_x86_64 -m elf_x86_64 -m elf_x86_64 -m elf_x86_64
configure:5086: checking if the linker (/usr/bin/ld -m elf_x86_64 -m elf_x86_64 -m elf_x86_64 -m elf_x86_64 -m elf_x86_64 -m elf_x86_64 -m elf_x86_64 -m elf_x86_64 -m elf_x86_64 -m elf_x86_64 -m elf_x86_64 -m elf_x86_64 -m elf_x86_64 -m elf_x86_64 -m elf_x86_64 -m elf_x86_64 -m elf_x86_64 -m elf_x86_64 -m elf_x86_64 -m elf_x86_64 -m elf_x86_64 -m elf_x86_64 -m elf_x86_64 -m elf_x86_64 -m elf_x86_64 -m elf_x86_64 -m elf_x86_64 -m elf_x86_64 -m elf_x86_64 -m elf_x86_64 -m elf_x86_64 -m elf_x86_64 -m elf_x86_64 -m elf_x86_64 -m elf_x86_64 -m elf_x86_64 -m elf_x86_64 -m elf_x86_64 -m elf_x86_64 -m elf_x86_64 -m elf_x86_64 -m elf_x86_64 -m elf_x86_64 -m elf_x86_64 -m elf_x86_64 -m elf_x86_64 -m elf_x86_64 -m elf_x86_64 -m elf_x86_64 -m elf_x86_64 -m elf_x86_64 -m elf_x86_64 -m elf_x86_64 -m elf_x86_64 -m elf_x86_64 -m elf_x86_64 -m elf_x86_64 -m elf_x86_64 -m elf_x86_64 -m elf_x86_64 -m elf_x86_64 -m elf_x86_64 -m elf_x86_64 -m elf_x86_64 -m elf_x86_64 -m elf_x86_64 -m elf_x86_64 -m elf_x86_64 -m elf_x86_64 -m elf_x86_64 -m elf_x86_64 -m elf_x86_64 -m elf_x86_64 -m elf_x86_64 -m elf_x86_64 -m elf_x86_64 -m elf_x86_64 -m elf_x86_64 -m elf_x86_64 -m elf_x86_64 -m elf_x86_64) is GNU ld
configure:5101: result: yes
configure:5113: checking for BSD- or MS-compatible name lister (nm)
configure:5167: result: /usr/bin/nm -B
configure:5297: checking the name lister (/usr/bin/nm -B) interface
configure:5304: g++ -c -g -O2 -I/home/lijiao/anaconda3/include -I/share/data/lijiao/TRM_SOFTWARE/local/include conftest.cpp >&5
configure:5307: /usr/bin/nm -B "conftest.o"
configure:5310: output
0000000000000000 B some_variable
configure:5311: result: BSD nm
configure:5314: checking whether ln -s works
configure:5318: result: yes
configure:5326: checking the maximum length of command line arguments
configure:5457: result: 1572864
configure:5505: checking how to convert x86_64-pc-linux-gnu file names to x86_64-pc-linux-gnu format
configure:5545: result: func_convert_file_noop
configure:5552: checking how to convert x86_64-pc-linux-gnu file names to toolchain format
configure:5572: result: func_convert_file_noop
configure:5579: checking for /usr/bin/ld -m elf_x86_64 -m elf_x86_64 -m elf_x86_64 -m elf_x86_64 -m elf_x86_64 -m elf_x86_64 -m elf_x86_64 -m elf_x86_64 -m elf_x86_64 -m elf_x86_64 -m elf_x86_64 -m elf_x86_64 -m elf_x86_64 -m elf_x86_64 -m elf_x86_64 -m elf_x86_64 -m elf_x86_64 -m elf_x86_64 -m elf_x86_64 -m elf_x86_64 -m elf_x86_64 -m elf_x86_64 -m elf_x86_64 -m elf_x86_64 -m elf_x86_64 -m elf_x86_64 -m elf_x86_64 -m elf_x86_64 -m elf_x86_64 -m elf_x86_64 -m elf_x86_64 -m elf_x86_64 -m elf_x86_64 -m elf_x86_64 -m elf_x86_64 -m elf_x86_64 -m elf_x86_64 -m elf_x86_64 -m elf_x86_64 -m elf_x86_64 -m elf_x86_64 -m elf_x86_64 -m elf_x86_64 -m elf_x86_64 -m elf_x86_64 -m elf_x86_64 -m elf_x86_64 -m elf_x86_64 -m elf_x86_64 -m elf_x86_64 -m elf_x86_64 -m elf_x86_64 -m elf_x86_64 -m elf_x86_64 -m elf_x86_64 -m elf_x86_64 -m elf_x86_64 -m elf_x86_64 -m elf_x86_64 -m elf_x86_64 -m elf_x86_64 -m elf_x86_64 -m elf_x86_64 -m elf_x86_64 -m elf_x86_64 -m elf_x86_64 -m elf_x86_64 -m elf_x86_64 -m elf_x86_64 -m elf_x86_64 -m elf_x86_64 -m elf_x86_64 -m elf_x86_64 -m elf_x86_64 -m elf_x86_64 -m elf_x86_64 -m elf_x86_64 -m elf_x86_64 -m elf_x86_64 -m elf_x86_64 -m elf_x86_64 option to reload object files
configure:5586: result: -r
configure:5660: checking for objdump
configure:5687: result: objdump
configure:5719: checking how to recognize dependent libraries
configure:5919: result: pass_all
configure:6004: checking for dlltool
configure:6034: result: no
configure:6064: checking how to associate runtime and link libraries
configure:6091: result: printf %s\n
configure:6215: checking for archiver @FILE support
configure:6232: g++ -c -g -O2 -I/home/lijiao/anaconda3/include -I/share/data/lijiao/TRM_SOFTWARE/local/include conftest.cpp >&5
configure:6232: $? = 0
configure:6235: ar cru libconftest.a @conftest.lst >&5
ar: `u' modifier ignored since `D' is the default (see `U')
configure:6238: $? = 0
configure:6243: ar cru libconftest.a @conftest.lst >&5
ar: `u' modifier ignored since `D' is the default (see `U')
ar: conftest.o: No such file or directory
configure:6246: $? = 1
configure:6245: result: @
configure:6303: checking for strip
configure:6330: result: strip
configure:6402: checking for ranlib
configure:6429: result: ranlib
configure:6531: checking command to parse /usr/bin/nm -B output from gcc object
configure:6684: g++ -c -g -O2 -I/home/lijiao/anaconda3/include -I/share/data/lijiao/TRM_SOFTWARE/local/include conftest.cpp >&5
configure:6687: $? = 0
configure:6691: /usr/bin/nm -B conftest.o \| sed -n -e 's/^.*[ ]\([ABCDGIRSTW][ABCDGIRSTW]*\)[ ][ ]*\([_A-Za-z][_A-Za-z0-9]*\)$/\1 \2 \2/p' | sed '/ __gnu_lto/d' \> conftest.nm
configure:6694: $? = 0
configure:6760: g++ -o conftest -g -O2 -I/home/lijiao/anaconda3/include -I/share/data/lijiao/TRM_SOFTWARE/local/include -L/home/lijiao/anaconda3/lib -L/share/data/lijiao/TRM_SOFTWARE/local/lib conftest.cpp conftstm.o >&5
configure:6763: $? = 0
configure:6801: result: ok
configure:6848: checking for sysroot
configure:6878: result: no
configure:6885: checking for a working dd
configure:6923: result: /usr/bin/dd
configure:6927: checking how to truncate binary pipes
configure:6942: result: /usr/bin/dd bs=4096 count=1
configure:7079: g++ -c -g -O2 -I/home/lijiao/anaconda3/include -I/share/data/lijiao/TRM_SOFTWARE/local/include conftest.cpp >&5
configure:7082: $? = 0
configure:7272: checking for mt
configure:7288: found /usr/bin/mt
configure:7299: result: mt
configure:7322: checking if mt is a manifest tool
configure:7328: mt '-?'
configure:7336: result: no
configure:8013: checking how to run the C preprocessor
configure:8083: result: gcc -E
configure:8103: gcc -E -I/home/lijiao/anaconda3/include -I/share/data/lijiao/TRM_SOFTWARE/local/include conftest.c
configure:8103: $? = 0
configure:8117: gcc -E -I/home/lijiao/anaconda3/include -I/share/data/lijiao/TRM_SOFTWARE/local/include conftest.c
conftest.c:11:10: fatal error: ac_nonexistent.h: No such file or directory
   11 | #include <ac_nonexistent.h>
      |          ^~~~~~~~~~~~~~~~~~
compilation terminated.
configure:8117: $? = 1
configure: failed program was:
| /* confdefs.h */
| #define PACKAGE_NAME "lcurve"
| #define PACKAGE_TARNAME "lcurve"
| #define PACKAGE_VERSION "1.3"
| #define PACKAGE_STRING "lcurve 1.3"
| #define PACKAGE_BUGREPORT ""
| #define PACKAGE_URL ""
| #define PACKAGE "lcurve"
| #define VERSION "1.3"
| /* end confdefs.h.  */
| #include <ac_nonexistent.h>
configure:8146: checking for ANSI C header files
configure:8166: gcc -c -I/home/lijiao/anaconda3/include/ -I/home/lijiao/anaconda3/include -I/share/data/lijiao/TRM_SOFTWARE/local/include conftest.c >&5
configure:8166: $? = 0
configure:8239: gcc -o conftest -I/home/lijiao/anaconda3/include/ -I/home/lijiao/anaconda3/include -I/share/data/lijiao/TRM_SOFTWARE/local/include -L/home/lijiao/anaconda3/lib -L/share/data/lijiao/TRM_SOFTWARE/local/lib conftest.c  >&5
configure:8239: $? = 0
configure:8239: ./conftest
configure:8239: $? = 0
configure:8250: result: yes
configure:8263: checking for sys/types.h
configure:8263: gcc -c -I/home/lijiao/anaconda3/include/ -I/home/lijiao/anaconda3/include -I/share/data/lijiao/TRM_SOFTWARE/local/include conftest.c >&5
configure:8263: $? = 0
configure:8263: result: yes
configure:8263: checking for sys/stat.h
configure:8263: gcc -c -I/home/lijiao/anaconda3/include/ -I/home/lijiao/anaconda3/include -I/share/data/lijiao/TRM_SOFTWARE/local/include conftest.c >&5
configure:8263: $? = 0
configure:8263: result: yes
configure:8263: checking for stdlib.h
configure:8263: gcc -c -I/home/lijiao/anaconda3/include/ -I/home/lijiao/anaconda3/include -I/share/data/lijiao/TRM_SOFTWARE/local/include conftest.c >&5
configure:8263: $? = 0
configure:8263: result: yes
configure:8263: checking for string.h
configure:8263: gcc -c -I/home/lijiao/anaconda3/include/ -I/home/lijiao/anaconda3/include -I/share/data/lijiao/TRM_SOFTWARE/local/include conftest.c >&5
configure:8263: $? = 0
configure:8263: result: yes
configure:8263: checking for memory.h
configure:8263: gcc -c -I/home/lijiao/anaconda3/include/ -I/home/lijiao/anaconda3/include -I/share/data/lijiao/TRM_SOFTWARE/local/include conftest.c >&5
configure:8263: $? = 0
configure:8263: result: yes
configure:8263: checking for strings.h
configure:8263: gcc -c -I/home/lijiao/anaconda3/include/ -I/home/lijiao/anaconda3/include -I/share/data/lijiao/TRM_SOFTWARE/local/include conftest.c >&5
configure:8263: $? = 0
configure:8263: result: yes
configure:8263: checking for inttypes.h
configure:8263: gcc -c -I/home/lijiao/anaconda3/include/ -I/home/lijiao/anaconda3/include -I/share/data/lijiao/TRM_SOFTWARE/local/include conftest.c >&5
configure:8263: $? = 0
configure:8263: result: yes
configure:8263: checking for stdint.h
configure:8263: gcc -c -I/home/lijiao/anaconda3/include/ -I/home/lijiao/anaconda3/include -I/share/data/lijiao/TRM_SOFTWARE/local/include conftest.c >&5
configure:8263: $? = 0
configure:8263: result: yes
configure:8263: checking for unistd.h
configure:8263: gcc -c -I/home/lijiao/anaconda3/include/ -I/home/lijiao/anaconda3/include -I/share/data/lijiao/TRM_SOFTWARE/local/include conftest.c >&5
configure:8263: $? = 0
configure:8263: result: yes
configure:8277: checking for dlfcn.h
configure:8277: gcc -c -I/home/lijiao/anaconda3/include/ -I/home/lijiao/anaconda3/include -I/share/data/lijiao/TRM_SOFTWARE/local/include conftest.c >&5
configure:8277: $? = 0
configure:8277: result: yes
configure:8543: checking for objdir
configure:8558: result: .libs
configure:8822: checking if gcc supports -fno-rtti -fno-exceptions
configure:8840: gcc -c -I/home/lijiao/anaconda3/include/ -I/home/lijiao/anaconda3/include -I/share/data/lijiao/TRM_SOFTWARE/local/include -fno-rtti -fno-exceptions conftest.c >&5
cc1: warning: command line option '-fno-rtti' is valid for C++/D/ObjC++ but not for C
configure:8844: $? = 0
configure:8857: result: no
configure:9215: checking for gcc option to produce PIC
configure:9222: result: -fPIC -DPIC
configure:9230: checking if gcc PIC flag -fPIC -DPIC works
configure:9248: gcc -c -I/home/lijiao/anaconda3/include/ -I/home/lijiao/anaconda3/include -I/share/data/lijiao/TRM_SOFTWARE/local/include -fPIC -DPIC -DPIC conftest.c >&5
configure:9252: $? = 0
configure:9265: result: yes
configure:9294: checking if gcc static flag -static works
configure:9322: result: yes
configure:9337: checking if gcc supports -c -o file.o
configure:9358: gcc -c -I/home/lijiao/anaconda3/include/ -I/home/lijiao/anaconda3/include -I/share/data/lijiao/TRM_SOFTWARE/local/include -o out/conftest2.o conftest.c >&5
configure:9362: $? = 0
configure:9384: result: yes
configure:9392: checking if gcc supports -c -o file.o
configure:9439: result: yes
configure:9472: checking whether the gcc linker (/usr/bin/ld -m elf_x86_64 -m elf_x86_64 -m elf_x86_64 -m elf_x86_64 -m elf_x86_64 -m elf_x86_64 -m elf_x86_64 -m elf_x86_64 -m elf_x86_64 -m elf_x86_64 -m elf_x86_64 -m elf_x86_64 -m elf_x86_64 -m elf_x86_64 -m elf_x86_64 -m elf_x86_64 -m elf_x86_64 -m elf_x86_64 -m elf_x86_64 -m elf_x86_64 -m elf_x86_64 -m elf_x86_64 -m elf_x86_64 -m elf_x86_64 -m elf_x86_64 -m elf_x86_64 -m elf_x86_64 -m elf_x86_64 -m elf_x86_64 -m elf_x86_64 -m elf_x86_64 -m elf_x86_64 -m elf_x86_64 -m elf_x86_64 -m elf_x86_64 -m elf_x86_64 -m elf_x86_64 -m elf_x86_64 -m elf_x86_64 -m elf_x86_64 -m elf_x86_64 -m elf_x86_64 -m elf_x86_64 -m elf_x86_64 -m elf_x86_64 -m elf_x86_64 -m elf_x86_64 -m elf_x86_64 -m elf_x86_64 -m elf_x86_64 -m elf_x86_64 -m elf_x86_64 -m elf_x86_64 -m elf_x86_64 -m elf_x86_64 -m elf_x86_64 -m elf_x86_64 -m elf_x86_64 -m elf_x86_64 -m elf_x86_64 -m elf_x86_64 -m elf_x86_64 -m elf_x86_64 -m elf_x86_64 -m elf_x86_64 -m elf_x86_64 -m elf_x86_64 -m elf_x86_64 -m elf_x86_64 -m elf_x86_64 -m elf_x86_64 -m elf_x86_64 -m elf_x86_64 -m elf_x86_64 -m elf_x86_64 -m elf_x86_64 -m elf_x86_64 -m elf_x86_64 -m elf_x86_64 -m elf_x86_64 -m elf_x86_64 -m elf_x86_64) supports shared libraries
configure:10731: result: yes
configure:10768: checking whether -lc should be explicitly linked in
configure:10776: gcc -c -I/home/lijiao/anaconda3/include/ -I/home/lijiao/anaconda3/include -I/share/data/lijiao/TRM_SOFTWARE/local/include conftest.c >&5
configure:10779: $? = 0
configure:10794: gcc -shared  -fPIC -DPIC conftest.o  -v -Wl,-soname -Wl,conftest -o conftest 2\>\&1 \| /usr/bin/grep  -lc  \>/dev/null 2\>\&1
configure:10797: $? = 0
configure:10811: result: no
configure:10971: checking dynamic linker characteristics
configure:11552: gcc -o conftest -I/home/lijiao/anaconda3/include/ -I/home/lijiao/anaconda3/include -I/share/data/lijiao/TRM_SOFTWARE/local/include -L/home/lijiao/anaconda3/lib -L/share/data/lijiao/TRM_SOFTWARE/local/lib -Wl,-rpath -Wl,/foo conftest.c  >&5
configure:11552: $? = 0
configure:11789: result: GNU/Linux ld.so
configure:11911: checking how to hardcode library paths into programs
configure:11936: result: immediate
configure:12484: checking whether stripping libraries is possible
configure:12489: result: yes
configure:12524: checking if libtool supports shared libraries
configure:12526: result: yes
configure:12529: checking whether to build shared libraries
configure:12554: result: yes
configure:12557: checking whether to build static libraries
configure:12561: result: yes
configure:9376: checking how to run the C++ preprocessor
configure:9442: result: g++ -E
configure:9462: g++ -E -I/home/lijiao/anaconda3/include -I/share/data/lijiao/TRM_SOFTWARE/local/include conftest.cpp
configure:9462: $? = 0
configure:9476: g++ -E -I/home/lijiao/anaconda3/include -I/share/data/lijiao/TRM_SOFTWARE/local/include conftest.cpp
conftest.cpp:23:10: fatal error: ac_nonexistent.h: No such file or directory
   23 | #include <ac_nonexistent.h>
      |          ^~~~~~~~~~~~~~~~~~
compilation terminated.
configure:9476: $? = 1
configure: failed program was:
| /* confdefs.h */
| #define PACKAGE_NAME "lcurve"
| #define PACKAGE_TARNAME "lcurve"
| #define PACKAGE_VERSION "1.3"
| #define PACKAGE_STRING "lcurve 1.3"
| #define PACKAGE_BUGREPORT ""
| #define PACKAGE_URL ""
| #define PACKAGE "lcurve"
| #define VERSION "1.3"
| #define STDC_HEADERS 1
| #define HAVE_SYS_TYPES_H 1
| #define HAVE_SYS_STAT_H 1
| #define HAVE_STDLIB_H 1
| #define HAVE_STRING_H 1
| #define HAVE_MEMORY_H 1
| #define HAVE_STRINGS_H 1
| #define HAVE_INTTYPES_H 1
| #define HAVE_STDINT_H 1
| #define HAVE_UNISTD_H 1
| #define HAVE_DLFCN_H 1
| #define LT_OBJDIR ".libs/"
| /* end confdefs.h.  */
| #include <ac_nonexistent.h>
configure:9638: checking for ld used by g++
configure:9705: result: /usr/bin/ld -m elf_x86_64 -m elf_x86_64 -m elf_x86_64 -m elf_x86_64 -m elf_x86_64 -m elf_x86_64 -m elf_x86_64 -m elf_x86_64 -m elf_x86_64 -m elf_x86_64 -m elf_x86_64 -m elf_x86_64 -m elf_x86_64 -m elf_x86_64 -m elf_x86_64 -m elf_x86_64 -m elf_x86_64 -m elf_x86_64 -m elf_x86_64 -m elf_x86_64 -m elf_x86_64 -m elf_x86_64 -m elf_x86_64 -m elf_x86_64 -m elf_x86_64 -m elf_x86_64 -m elf_x86_64 -m elf_x86_64 -m elf_x86_64 -m elf_x86_64 -m elf_x86_64 -m elf_x86_64 -m elf_x86_64 -m elf_x86_64 -m elf_x86_64 -m elf_x86_64 -m elf_x86_64 -m elf_x86_64 -m elf_x86_64 -m elf_x86_64 -m elf_x86_64 -m elf_x86_64 -m elf_x86_64 -m elf_x86_64 -m elf_x86_64 -m elf_x86_64 -m elf_x86_64 -m elf_x86_64 -m elf_x86_64 -m elf_x86_64 -m elf_x86_64 -m elf_x86_64 -m elf_x86_64 -m elf_x86_64 -m elf_x86_64 -m elf_x86_64 -m elf_x86_64 -m elf_x86_64 -m elf_x86_64 -m elf_x86_64 -m elf_x86_64 -m elf_x86_64 -m elf_x86_64 -m elf_x86_64 -m elf_x86_64 -m elf_x86_64 -m elf_x86_64 -m elf_x86_64 -m elf_x86_64 -m elf_x86_64 -m elf_x86_64 -m elf_x86_64 -m elf_x86_64 -m elf_x86_64 -m elf_x86_64 -m elf_x86_64 -m elf_x86_64 -m elf_x86_64 -m elf_x86_64 -m elf_x86_64 -m elf_x86_64 -m elf_x86_64
configure:9712: checking if the linker (/usr/bin/ld -m elf_x86_64 -m elf_x86_64 -m elf_x86_64 -m elf_x86_64 -m elf_x86_64 -m elf_x86_64 -m elf_x86_64 -m elf_x86_64 -m elf_x86_64 -m elf_x86_64 -m elf_x86_64 -m elf_x86_64 -m elf_x86_64 -m elf_x86_64 -m elf_x86_64 -m elf_x86_64 -m elf_x86_64 -m elf_x86_64 -m elf_x86_64 -m elf_x86_64 -m elf_x86_64 -m elf_x86_64 -m elf_x86_64 -m elf_x86_64 -m elf_x86_64 -m elf_x86_64 -m elf_x86_64 -m elf_x86_64 -m elf_x86_64 -m elf_x86_64 -m elf_x86_64 -m elf_x86_64 -m elf_x86_64 -m elf_x86_64 -m elf_x86_64 -m elf_x86_64 -m elf_x86_64 -m elf_x86_64 -m elf_x86_64 -m elf_x86_64 -m elf_x86_64 -m elf_x86_64 -m elf_x86_64 -m elf_x86_64 -m elf_x86_64 -m elf_x86_64 -m elf_x86_64 -m elf_x86_64 -m elf_x86_64 -m elf_x86_64 -m elf_x86_64 -m elf_x86_64 -m elf_x86_64 -m elf_x86_64 -m elf_x86_64 -m elf_x86_64 -m elf_x86_64 -m elf_x86_64 -m elf_x86_64 -m elf_x86_64 -m elf_x86_64 -m elf_x86_64 -m elf_x86_64 -m elf_x86_64 -m elf_x86_64 -m elf_x86_64 -m elf_x86_64 -m elf_x86_64 -m elf_x86_64 -m elf_x86_64 -m elf_x86_64 -m elf_x86_64 -m elf_x86_64 -m elf_x86_64 -m elf_x86_64 -m elf_x86_64 -m elf_x86_64 -m elf_x86_64 -m elf_x86_64 -m elf_x86_64 -m elf_x86_64 -m elf_x86_64) is GNU ld
configure:9727: result: yes
configure:9782: checking whether the g++ linker (/usr/bin/ld -m elf_x86_64 -m elf_x86_64 -m elf_x86_64 -m elf_x86_64 -m elf_x86_64 -m elf_x86_64 -m elf_x86_64 -m elf_x86_64 -m elf_x86_64 -m elf_x86_64 -m elf_x86_64 -m elf_x86_64 -m elf_x86_64 -m elf_x86_64 -m elf_x86_64 -m elf_x86_64 -m elf_x86_64 -m elf_x86_64 -m elf_x86_64 -m elf_x86_64 -m elf_x86_64 -m elf_x86_64 -m elf_x86_64 -m elf_x86_64 -m elf_x86_64 -m elf_x86_64 -m elf_x86_64 -m elf_x86_64 -m elf_x86_64 -m elf_x86_64 -m elf_x86_64 -m elf_x86_64 -m elf_x86_64 -m elf_x86_64 -m elf_x86_64 -m elf_x86_64 -m elf_x86_64 -m elf_x86_64 -m elf_x86_64 -m elf_x86_64 -m elf_x86_64 -m elf_x86_64 -m elf_x86_64 -m elf_x86_64 -m elf_x86_64 -m elf_x86_64 -m elf_x86_64 -m elf_x86_64 -m elf_x86_64 -m elf_x86_64 -m elf_x86_64 -m elf_x86_64 -m elf_x86_64 -m elf_x86_64 -m elf_x86_64 -m elf_x86_64 -m elf_x86_64 -m elf_x86_64 -m elf_x86_64 -m elf_x86_64 -m elf_x86_64 -m elf_x86_64 -m elf_x86_64 -m elf_x86_64 -m elf_x86_64 -m elf_x86_64 -m elf_x86_64 -m elf_x86_64 -m elf_x86_64 -m elf_x86_64 -m elf_x86_64 -m elf_x86_64 -m elf_x86_64 -m elf_x86_64 -m elf_x86_64 -m elf_x86_64 -m elf_x86_64 -m elf_x86_64 -m elf_x86_64 -m elf_x86_64 -m elf_x86_64 -m elf_x86_64) supports shared libraries
configure:10855: result: yes
configure:10891: g++ -c -g -O2 -I/home/lijiao/anaconda3/include -I/share/data/lijiao/TRM_SOFTWARE/local/include conftest.cpp >&5
configure:10894: $? = 0
configure:11375: checking for g++ option to produce PIC
configure:11382: result: -fPIC -DPIC
configure:11390: checking if g++ PIC flag -fPIC -DPIC works
configure:11408: g++ -c -g -O2 -I/home/lijiao/anaconda3/include -I/share/data/lijiao/TRM_SOFTWARE/local/include -fPIC -DPIC -DPIC conftest.cpp >&5
configure:11412: $? = 0
configure:11425: result: yes
configure:11448: checking if g++ static flag -static works
configure:11476: result: yes
configure:11488: checking if g++ supports -c -o file.o
configure:11509: g++ -c -g -O2 -I/home/lijiao/anaconda3/include -I/share/data/lijiao/TRM_SOFTWARE/local/include -o out/conftest2.o conftest.cpp >&5
configure:11513: $? = 0
configure:11535: result: yes
configure:11540: checking if g++ supports -c -o file.o
configure:11587: result: yes
configure:11617: checking whether the g++ linker (/usr/bin/ld -m elf_x86_64 -m elf_x86_64 -m elf_x86_64 -m elf_x86_64 -m elf_x86_64 -m elf_x86_64 -m elf_x86_64 -m elf_x86_64 -m elf_x86_64 -m elf_x86_64 -m elf_x86_64 -m elf_x86_64 -m elf_x86_64 -m elf_x86_64 -m elf_x86_64 -m elf_x86_64 -m elf_x86_64 -m elf_x86_64 -m elf_x86_64 -m elf_x86_64 -m elf_x86_64 -m elf_x86_64 -m elf_x86_64 -m elf_x86_64 -m elf_x86_64 -m elf_x86_64 -m elf_x86_64 -m elf_x86_64 -m elf_x86_64 -m elf_x86_64 -m elf_x86_64 -m elf_x86_64 -m elf_x86_64 -m elf_x86_64 -m elf_x86_64 -m elf_x86_64 -m elf_x86_64 -m elf_x86_64 -m elf_x86_64 -m elf_x86_64 -m elf_x86_64 -m elf_x86_64 -m elf_x86_64 -m elf_x86_64 -m elf_x86_64 -m elf_x86_64 -m elf_x86_64 -m elf_x86_64 -m elf_x86_64 -m elf_x86_64 -m elf_x86_64 -m elf_x86_64 -m elf_x86_64 -m elf_x86_64 -m elf_x86_64 -m elf_x86_64 -m elf_x86_64 -m elf_x86_64 -m elf_x86_64 -m elf_x86_64 -m elf_x86_64 -m elf_x86_64 -m elf_x86_64 -m elf_x86_64 -m elf_x86_64 -m elf_x86_64 -m elf_x86_64 -m elf_x86_64 -m elf_x86_64 -m elf_x86_64 -m elf_x86_64 -m elf_x86_64 -m elf_x86_64 -m elf_x86_64 -m elf_x86_64 -m elf_x86_64 -m elf_x86_64 -m elf_x86_64 -m elf_x86_64 -m elf_x86_64 -m elf_x86_64 -m elf_x86_64) supports shared libraries
configure:11657: result: yes
configure:11798: checking dynamic linker characteristics
configure:12543: result: GNU/Linux ld.so
configure:12608: checking how to hardcode library paths into programs
configure:12633: result: immediate
configure:11545: checking trm/subs.h usability
configure:11545: g++ -c -g -O2 -I/home/lijiao/anaconda3/include -I/share/data/lijiao/TRM_SOFTWARE/local/include conftest.cpp >&5
configure:11545: $? = 0
configure:11545: result: yes
configure:11545: checking trm/subs.h presence
configure:11545: g++ -E -I/home/lijiao/anaconda3/include -I/share/data/lijiao/TRM_SOFTWARE/local/include conftest.cpp
configure:11545: $? = 0
configure:11545: result: yes
configure:11545: checking for trm/subs.h
configure:11545: result: yes
configure:11545: checking trm/position.h usability
configure:11545: g++ -c -g -O2 -I/home/lijiao/anaconda3/include -I/share/data/lijiao/TRM_SOFTWARE/local/include conftest.cpp >&5
configure:11545: $? = 0
configure:11545: result: yes
configure:11545: checking trm/position.h presence
configure:11545: g++ -E -I/home/lijiao/anaconda3/include -I/share/data/lijiao/TRM_SOFTWARE/local/include conftest.cpp
configure:11545: $? = 0
configure:11545: result: yes
configure:11545: checking for trm/position.h
configure:11545: result: yes
configure:11545: checking trm/constants.h usability
configure:11545: g++ -c -g -O2 -I/home/lijiao/anaconda3/include -I/share/data/lijiao/TRM_SOFTWARE/local/include conftest.cpp >&5
configure:11545: $? = 0
configure:11545: result: yes
configure:11545: checking trm/constants.h presence
configure:11545: g++ -E -I/home/lijiao/anaconda3/include -I/share/data/lijiao/TRM_SOFTWARE/local/include conftest.cpp
configure:11545: $? = 0
configure:11545: result: yes
configure:11545: checking for trm/constants.h
configure:11545: result: yes
configure:11545: checking trm/array1d.h usability
configure:11545: g++ -c -g -O2 -I/home/lijiao/anaconda3/include -I/share/data/lijiao/TRM_SOFTWARE/local/include conftest.cpp >&5
configure:11545: $? = 0
configure:11545: result: yes
configure:11545: checking trm/array1d.h presence
configure:11545: g++ -E -I/home/lijiao/anaconda3/include -I/share/data/lijiao/TRM_SOFTWARE/local/include conftest.cpp
configure:11545: $? = 0
configure:11545: result: yes
configure:11545: checking for trm/array1d.h
configure:11545: result: yes
configure:11560: checking trm/colly.h usability
configure:11560: g++ -c -g -O2 -I/home/lijiao/anaconda3/include -I/share/data/lijiao/TRM_SOFTWARE/local/include conftest.cpp >&5
configure:11560: $? = 0
configure:11560: result: yes
configure:11560: checking trm/colly.h presence
configure:11560: g++ -E -I/home/lijiao/anaconda3/include -I/share/data/lijiao/TRM_SOFTWARE/local/include conftest.cpp
configure:11560: $? = 0
configure:11560: result: yes
configure:11560: checking for trm/colly.h
configure:11560: result: yes
configure:11575: checking trm/binary.h usability
configure:11575: g++ -c -g -O2 -I/home/lijiao/anaconda3/include -I/share/data/lijiao/TRM_SOFTWARE/local/include conftest.cpp >&5
configure:11575: $? = 0
configure:11575: result: yes
configure:11575: checking trm/binary.h presence
configure:11575: g++ -E -I/home/lijiao/anaconda3/include -I/share/data/lijiao/TRM_SOFTWARE/local/include conftest.cpp
configure:11575: $? = 0
configure:11575: result: yes
configure:11575: checking for trm/binary.h
configure:11575: result: yes
configure:11590: checking trm/roche.h usability
configure:11590: g++ -c -g -O2 -I/home/lijiao/anaconda3/include -I/share/data/lijiao/TRM_SOFTWARE/local/include conftest.cpp >&5
configure:11590: $? = 0
configure:11590: result: yes
configure:11590: checking trm/roche.h presence
configure:11590: g++ -E -I/home/lijiao/anaconda3/include -I/share/data/lijiao/TRM_SOFTWARE/local/include conftest.cpp
configure:11590: $? = 0
configure:11590: result: yes
configure:11590: checking for trm/roche.h
configure:11590: result: yes
configure:11606: checking for stdlib.h
configure:11606: result: yes
configure:11606: checking float.h usability
configure:11606: g++ -c -g -O2 -I/home/lijiao/anaconda3/include -I/share/data/lijiao/TRM_SOFTWARE/local/include conftest.cpp >&5
configure:11606: $? = 0
configure:11606: result: yes
configure:11606: checking float.h presence
configure:11606: g++ -E -I/home/lijiao/anaconda3/include -I/share/data/lijiao/TRM_SOFTWARE/local/include conftest.cpp
configure:11606: $? = 0
configure:11606: result: yes
configure:11606: checking for float.h
configure:11606: result: yes
configure:11606: checking math.h usability
configure:11606: g++ -c -g -O2 -I/home/lijiao/anaconda3/include -I/share/data/lijiao/TRM_SOFTWARE/local/include conftest.cpp >&5
configure:11606: $? = 0
configure:11606: result: yes
configure:11606: checking math.h presence
configure:11606: g++ -E -I/home/lijiao/anaconda3/include -I/share/data/lijiao/TRM_SOFTWARE/local/include conftest.cpp
configure:11606: $? = 0
configure:11606: result: yes
configure:11606: checking for math.h
configure:11606: result: yes
configure:11606: checking sstream usability
configure:11606: g++ -c -g -O2 -I/home/lijiao/anaconda3/include -I/share/data/lijiao/TRM_SOFTWARE/local/include conftest.cpp >&5
configure:11606: $? = 0
configure:11606: result: yes
configure:11606: checking sstream presence
configure:11606: g++ -E -I/home/lijiao/anaconda3/include -I/share/data/lijiao/TRM_SOFTWARE/local/include conftest.cpp
configure:11606: $? = 0
configure:11606: result: yes
configure:11606: checking for sstream
configure:11606: result: yes
configure:11606: checking string usability
configure:11606: g++ -c -g -O2 -I/home/lijiao/anaconda3/include -I/share/data/lijiao/TRM_SOFTWARE/local/include conftest.cpp >&5
configure:11606: $? = 0
configure:11606: result: yes
configure:11606: checking string presence
configure:11606: g++ -E -I/home/lijiao/anaconda3/include -I/share/data/lijiao/TRM_SOFTWARE/local/include conftest.cpp
configure:11606: $? = 0
configure:11606: result: yes
configure:11606: checking for string
configure:11606: result: yes
configure:11606: checking fstream usability
configure:11606: g++ -c -g -O2 -I/home/lijiao/anaconda3/include -I/share/data/lijiao/TRM_SOFTWARE/local/include conftest.cpp >&5
configure:11606: $? = 0
configure:11606: result: yes
configure:11606: checking fstream presence
configure:11606: g++ -E -I/home/lijiao/anaconda3/include -I/share/data/lijiao/TRM_SOFTWARE/local/include conftest.cpp
configure:11606: $? = 0
configure:11606: result: yes
configure:11606: checking for fstream
configure:11606: result: yes
configure:11606: checking iostream usability
configure:11606: g++ -c -g -O2 -I/home/lijiao/anaconda3/include -I/share/data/lijiao/TRM_SOFTWARE/local/include conftest.cpp >&5
configure:11606: $? = 0
configure:11606: result: yes
configure:11606: checking iostream presence
configure:11606: g++ -E -I/home/lijiao/anaconda3/include -I/share/data/lijiao/TRM_SOFTWARE/local/include conftest.cpp
configure:11606: $? = 0
configure:11606: result: yes
configure:11606: checking for iostream
configure:11606: result: yes
configure:11621: checking slalib.h usability
configure:11621: g++ -c -g -O2 -I/home/lijiao/anaconda3/include -I/share/data/lijiao/TRM_SOFTWARE/local/include conftest.cpp >&5
configure:11621: $? = 0
configure:11621: result: yes
configure:11621: checking slalib.h presence
configure:11621: g++ -E -I/home/lijiao/anaconda3/include -I/share/data/lijiao/TRM_SOFTWARE/local/include conftest.cpp
configure:11621: $? = 0
configure:11621: result: yes
configure:11621: checking for slalib.h
configure:11621: result: yes
configure:11635: checking for main in -lpcrecpp
configure:11654: g++ -o conftest -g -O2 -I/home/lijiao/anaconda3/include -I/share/data/lijiao/TRM_SOFTWARE/local/include -L/home/lijiao/anaconda3/lib -L/share/data/lijiao/TRM_SOFTWARE/local/lib conftest.cpp -lpcrecpp   >&5
configure:11654: $? = 0
configure:11663: result: yes
configure:11677: checking for main in -lcsla
configure:11696: g++ -o conftest -g -O2 -I/home/lijiao/anaconda3/include -I/share/data/lijiao/TRM_SOFTWARE/local/include -L/home/lijiao/anaconda3/lib -L/share/data/lijiao/TRM_SOFTWARE/local/lib conftest.cpp -lcsla  -lpcrecpp  >&5
configure:11696: $? = 0
configure:11705: result: yes
configure:11719: checking for main in -lsubs
configure:11738: g++ -o conftest -g -O2 -I/home/lijiao/anaconda3/include -I/share/data/lijiao/TRM_SOFTWARE/local/include -L/home/lijiao/anaconda3/lib -L/share/data/lijiao/TRM_SOFTWARE/local/lib conftest.cpp -lsubs  -lcsla -lpcrecpp  >&5
configure:11738: $? = 0
configure:11747: result: yes
configure:11761: checking for main in -lcolly
configure:11780: g++ -o conftest -g -O2 -I/home/lijiao/anaconda3/include -I/share/data/lijiao/TRM_SOFTWARE/local/include -L/home/lijiao/anaconda3/lib -L/share/data/lijiao/TRM_SOFTWARE/local/lib conftest.cpp -lcolly  -lsubs -lcsla -lpcrecpp  >&5
configure:11780: $? = 0
configure:11789: result: yes
configure:11803: checking for main in -lbinary
configure:11822: g++ -o conftest -g -O2 -I/home/lijiao/anaconda3/include -I/share/data/lijiao/TRM_SOFTWARE/local/include -L/home/lijiao/anaconda3/lib -L/share/data/lijiao/TRM_SOFTWARE/local/lib conftest.cpp -lbinary  -lcolly -lsubs -lcsla -lpcrecpp  >&5
configure:11822: $? = 0
configure:11831: result: yes
configure:11845: checking for main in -lroche
configure:11864: g++ -o conftest -g -O2 -I/home/lijiao/anaconda3/include -I/share/data/lijiao/TRM_SOFTWARE/local/include -L/home/lijiao/anaconda3/lib -L/share/data/lijiao/TRM_SOFTWARE/local/lib conftest.cpp -lroche  -lbinary -lcolly -lsubs -lcsla -lpcrecpp  >&5
configure:11864: $? = 0
configure:11873: result: yes
configure:11891: checking cpgplot.h usability
configure:11891: g++ -c -g -O2 -I/home/lijiao/anaconda3/include -I/share/data/lijiao/TRM_SOFTWARE/local/include conftest.cpp >&5
configure:11891: $? = 0
configure:11891: result: yes
configure:11891: checking cpgplot.h presence
configure:11891: g++ -E -I/home/lijiao/anaconda3/include -I/share/data/lijiao/TRM_SOFTWARE/local/include conftest.cpp
configure:11891: $? = 0
configure:11891: result: yes
configure:11891: checking for cpgplot.h
configure:11891: result: yes
configure:11908: checking pgplot linking assuming simplest set of libraries
configure:11924: g++ -o conftest -g -O2 -I/home/lijiao/anaconda3/include -I/share/data/lijiao/TRM_SOFTWARE/local/include -L/home/lijiao/anaconda3/lib -L/share/data/lijiao/TRM_SOFTWARE/local/lib conftest.cpp -lcpgplot -lpgplot -L/usr/X11R6/lib -lX11 >&5
configure:11924: $? = 0
configure:11925: result: yes
configure:12119: checking that generated files are newer than configure
configure:12125: result: done
configure:12152: creating ./config.status

## ---------------- ##
## Cache variables. ##
## ---------------- ##

ac_cv_build=x86_64-pc-linux-gnu
ac_cv_c_compiler_gnu=yes
ac_cv_cxx_compiler_gnu=yes
ac_cv_env_CCC_set=
ac_cv_env_CCC_value=
ac_cv_env_CC_set=set
ac_cv_env_CC_value=gcc
ac_cv_env_CFLAGS_set=set
ac_cv_env_CFLAGS_value=-I/home/lijiao/anaconda3/include/
ac_cv_env_CPPFLAGS_set=set
ac_cv_env_CPPFLAGS_value='-I/home/lijiao/anaconda3/include -I/share/data/lijiao/TRM_SOFTWARE/local/include'
ac_cv_env_CPP_set=set
ac_cv_env_CPP_value='gcc -E'
ac_cv_env_CXXCPP_set=
ac_cv_env_CXXCPP_value=
ac_cv_env_CXXFLAGS_set=set
ac_cv_env_CXXFLAGS_value='-g -O2'
ac_cv_env_CXX_set=set
ac_cv_env_CXX_value=g++
ac_cv_env_LDFLAGS_set=set
ac_cv_env_LDFLAGS_value='-L/home/lijiao/anaconda3/lib -L/share/data/lijiao/TRM_SOFTWARE/local/lib'
ac_cv_env_LIBS_set=
ac_cv_env_LIBS_value=
ac_cv_env_LT_SYS_LIBRARY_PATH_set=
ac_cv_env_LT_SYS_LIBRARY_PATH_value=
ac_cv_env_build_alias_set=
ac_cv_env_build_alias_value=
ac_cv_env_host_alias_set=
ac_cv_env_host_alias_value=
ac_cv_env_target_alias_set=
ac_cv_env_target_alias_value=
ac_cv_header_cpgplot_h=yes
ac_cv_header_dlfcn_h=yes
ac_cv_header_float_h=yes
ac_cv_header_fstream=yes
ac_cv_header_inttypes_h=yes
ac_cv_header_iostream=yes
ac_cv_header_math_h=yes
ac_cv_header_memory_h=yes
ac_cv_header_slalib_h=yes
ac_cv_header_sstream=yes
ac_cv_header_stdc=yes
ac_cv_header_stdint_h=yes
ac_cv_header_stdlib_h=yes
ac_cv_header_string=yes
ac_cv_header_string_h=yes
ac_cv_header_strings_h=yes
ac_cv_header_sys_stat_h=yes
ac_cv_header_sys_types_h=yes
ac_cv_header_trm_array1d_h=yes
ac_cv_header_trm_binary_h=yes
ac_cv_header_trm_colly_h=yes
ac_cv_header_trm_constants_h=yes
ac_cv_header_trm_position_h=yes
ac_cv_header_trm_roche_h=yes
ac_cv_header_trm_subs_h=yes
ac_cv_header_unistd_h=yes
ac_cv_host=x86_64-pc-linux-gnu
ac_cv_lib_binary_main=yes
ac_cv_lib_colly_main=yes
ac_cv_lib_csla_main=yes
ac_cv_lib_pcrecpp_main=yes
ac_cv_lib_roche_main=yes
ac_cv_lib_subs_main=yes
ac_cv_objext=o
ac_cv_path_EGREP='/usr/bin/grep -E'
ac_cv_path_FGREP='/usr/bin/grep -F'
ac_cv_path_GREP=/usr/bin/grep
ac_cv_path_SED=/usr/bin/sed
ac_cv_path_install='/usr/bin/install -c'
ac_cv_path_lt_DD=/usr/bin/dd
ac_cv_path_mkdir=/usr/bin/mkdir
ac_cv_prog_AWK=mawk
ac_cv_prog_CPP='gcc -E'
ac_cv_prog_CXXCPP='g++ -E'
ac_cv_prog_ac_ct_CC=gcc
ac_cv_prog_ac_ct_MANIFEST_TOOL=mt
ac_cv_prog_ac_ct_OBJDUMP=objdump
ac_cv_prog_ac_ct_RANLIB=ranlib
ac_cv_prog_ac_ct_STRIP=strip
ac_cv_prog_cc_c89=
ac_cv_prog_cc_g=yes
ac_cv_prog_cxx_g=yes
ac_cv_prog_make_make_set=yes
am_cv_CC_dependencies_compiler_type=gcc3
am_cv_CXX_dependencies_compiler_type=gcc3
am_cv_make_support_nested_variables=yes
am_cv_prog_cc_c_o=yes
lt_cv_ar_at_file=@
lt_cv_archive_cmds_need_lc=no
lt_cv_deplibs_check_method=pass_all
lt_cv_file_magic_cmd='$MAGIC_CMD'
lt_cv_file_magic_test_file=
lt_cv_ld_reload_flag=-r
lt_cv_nm_interface='BSD nm'
lt_cv_objdir=.libs
lt_cv_path_LD='/usr/bin/ld -m elf_x86_64 -m elf_x86_64 -m elf_x86_64 -m elf_x86_64 -m elf_x86_64 -m elf_x86_64 -m elf_x86_64 -m elf_x86_64 -m elf_x86_64 -m elf_x86_64 -m elf_x86_64 -m elf_x86_64 -m elf_x86_64 -m elf_x86_64 -m elf_x86_64 -m elf_x86_64 -m elf_x86_64 -m elf_x86_64 -m elf_x86_64 -m elf_x86_64 -m elf_x86_64 -m elf_x86_64 -m elf_x86_64 -m elf_x86_64 -m elf_x86_64 -m elf_x86_64 -m elf_x86_64 -m elf_x86_64 -m elf_x86_64 -m elf_x86_64 -m elf_x86_64 -m elf_x86_64 -m elf_x86_64 -m elf_x86_64 -m elf_x86_64 -m elf_x86_64 -m elf_x86_64 -m elf_x86_64 -m elf_x86_64 -m elf_x86_64 -m elf_x86_64 -m elf_x86_64 -m elf_x86_64 -m elf_x86_64 -m elf_x86_64 -m elf_x86_64 -m elf_x86_64 -m elf_x86_64 -m elf_x86_64 -m elf_x86_64 -m elf_x86_64 -m elf_x86_64 -m elf_x86_64 -m elf_x86_64 -m elf_x86_64 -m elf_x86_64 -m elf_x86_64 -m elf_x86_64 -m elf_x86_64 -m elf_x86_64 -m elf_x86_64 -m elf_x86_64 -m elf_x86_64 -m elf_x86_64 -m elf_x86_64 -m elf_x86_64 -m elf_x86_64 -m elf_x86_64 -m elf_x86_64 -m elf_x86_64 -m elf_x86_64 -m elf_x86_64 -m elf_x86_64 -m elf_x86_64 -m elf_x86_64 -m elf_x86_64 -m elf_x86_64 -m elf_x86_64 -m elf_x86_64 -m elf_x86_64 -m elf_x86_64'
lt_cv_path_LDCXX='/usr/bin/ld -m elf_x86_64 -m elf_x86_64 -m elf_x86_64 -m elf_x86_64 -m elf_x86_64 -m elf_x86_64 -m elf_x86_64 -m elf_x86_64 -m elf_x86_64 -m elf_x86_64 -m elf_x86_64 -m elf_x86_64 -m elf_x86_64 -m elf_x86_64 -m elf_x86_64 -m elf_x86_64 -m elf_x86_64 -m elf_x86_64 -m elf_x86_64 -m elf_x86_64 -m elf_x86_64 -m elf_x86_64 -m elf_x86_64 -m elf_x86_64 -m elf_x86_64 -m elf_x86_64 -m elf_x86_64 -m elf_x86_64 -m elf_x86_64 -m elf_x86_64 -m elf_x86_64 -m elf_x86_64 -m elf_x86_64 -m elf_x86_64 -m elf_x86_64 -m elf_x86_64 -m elf_x86_64 -m elf_x86_64 -m elf_x86_64 -m elf_x86_64 -m elf_x86_64 -m elf_x86_64 -m elf_x86_64 -m elf_x86_64 -m elf_x86_64 -m elf_x86_64 -m elf_x86_64 -m elf_x86_64 -m elf_x86_64 -m elf_x86_64 -m elf_x86_64 -m elf_x86_64 -m elf_x86_64 -m elf_x86_64 -m elf_x86_64 -m elf_x86_64 -m elf_x86_64 -m elf_x86_64 -m elf_x86_64 -m elf_x86_64 -m elf_x86_64 -m elf_x86_64 -m elf_x86_64 -m elf_x86_64 -m elf_x86_64 -m elf_x86_64 -m elf_x86_64 -m elf_x86_64 -m elf_x86_64 -m elf_x86_64 -m elf_x86_64 -m elf_x86_64 -m elf_x86_64 -m elf_x86_64 -m elf_x86_64 -m elf_x86_64 -m elf_x86_64 -m elf_x86_64 -m elf_x86_64 -m elf_x86_64 -m elf_x86_64 -m elf_x86_64'
lt_cv_path_NM='/usr/bin/nm -B'
lt_cv_path_mainfest_tool=no
lt_cv_prog_compiler_c_o=yes
lt_cv_prog_compiler_c_o_CXX=yes
lt_cv_prog_compiler_pic='-fPIC -DPIC'
lt_cv_prog_compiler_pic_CXX='-fPIC -DPIC'
lt_cv_prog_compiler_pic_works=yes
lt_cv_prog_compiler_pic_works_CXX=yes
lt_cv_prog_compiler_rtti_exceptions=no
lt_cv_prog_compiler_static_works=yes
lt_cv_prog_compiler_static_works_CXX=yes
lt_cv_prog_gnu_ld=yes
lt_cv_prog_gnu_ldcxx=yes
lt_cv_sharedlib_from_linklib_cmd='printf %s\n'
lt_cv_shlibpath_overrides_runpath=yes
lt_cv_sys_global_symbol_pipe='sed -n -e '\''s/^.*[	 ]\([ABCDGIRSTW][ABCDGIRSTW]*\)[	 ][	 ]*\([_A-Za-z][_A-Za-z0-9]*\)$/\1 \2 \2/p'\'' | sed '\''/ __gnu_lto/d'\'''
lt_cv_sys_global_symbol_to_c_name_address='sed -n -e '\''s/^: \(.*\) .*$/  {"\1", (void *) 0},/p'\'' -e '\''s/^[ABCDGIRSTW][ABCDGIRSTW]* .* \(.*\)$/  {"\1", (void *) \&\1},/p'\'''
lt_cv_sys_global_symbol_to_c_name_address_lib_prefix='sed -n -e '\''s/^: \(.*\) .*$/  {"\1", (void *) 0},/p'\'' -e '\''s/^[ABCDGIRSTW][ABCDGIRSTW]* .* \(lib.*\)$/  {"\1", (void *) \&\1},/p'\'' -e '\''s/^[ABCDGIRSTW][ABCDGIRSTW]* .* \(.*\)$/  {"lib\1", (void *) \&\1},/p'\'''
lt_cv_sys_global_symbol_to_cdecl='sed -n -e '\''s/^T .* \(.*\)$/extern int \1();/p'\'' -e '\''s/^[ABCDGIRSTW][ABCDGIRSTW]* .* \(.*\)$/extern char \1;/p'\'''
lt_cv_sys_global_symbol_to_import=
lt_cv_sys_max_cmd_len=1572864
lt_cv_to_host_file_cmd=func_convert_file_noop
lt_cv_to_tool_file_cmd=func_convert_file_noop
lt_cv_truncate_bin='/usr/bin/dd bs=4096 count=1'

## ----------------- ##
## Output variables. ##
## ----------------- ##

ACLOCAL='${SHELL} /share/data/lijiao/TRM_SOFTWARE/pylcurve/srcs/cpp-lcurve/missing aclocal-1.16'
AMDEPBACKSLASH='\'
AMDEP_FALSE='#'
AMDEP_TRUE=''
AMTAR='$${TAR-tar}'
AM_BACKSLASH='\'
AM_DEFAULT_V='$(AM_DEFAULT_VERBOSITY)'
AM_DEFAULT_VERBOSITY='1'
AM_V='$(V)'
AR='ar'
AUTOCONF='${SHELL} /share/data/lijiao/TRM_SOFTWARE/pylcurve/srcs/cpp-lcurve/missing autoconf'
AUTOHEADER='${SHELL} /share/data/lijiao/TRM_SOFTWARE/pylcurve/srcs/cpp-lcurve/missing autoheader'
AUTOMAKE='${SHELL} /share/data/lijiao/TRM_SOFTWARE/pylcurve/srcs/cpp-lcurve/missing automake-1.16'
AWK='mawk'
CC='gcc'
CCDEPMODE='depmode=gcc3'
CFLAGS='-I/home/lijiao/anaconda3/include/'
CPP='gcc -E'
CPPFLAGS='-I/home/lijiao/anaconda3/include -I/share/data/lijiao/TRM_SOFTWARE/local/include'
CXX='g++'
CXXCPP='g++ -E'
CXXDEPMODE='depmode=gcc3'
CXXFLAGS='-g -O2'
CYGPATH_W='echo'
DEFS='-DHAVE_CONFIG_H'
DEPDIR='.deps'
DLLTOOL='false'
DSYMUTIL=''
DUMPBIN=''
ECHO_C=''
ECHO_N='-n'
ECHO_T=''
EGREP='/usr/bin/grep -E'
EXEEXT=''
FGREP='/usr/bin/grep -F'
GREP='/usr/bin/grep'
INSTALL_DATA='${INSTALL} -m 644'
INSTALL_PROGRAM='${INSTALL}'
INSTALL_SCRIPT='${INSTALL}'
INSTALL_STRIP_PROGRAM='$(install_sh) -c -s'
LD='/usr/bin/ld -m elf_x86_64 -m elf_x86_64 -m elf_x86_64 -m elf_x86_64 -m elf_x86_64 -m elf_x86_64 -m elf_x86_64 -m elf_x86_64 -m elf_x86_64 -m elf_x86_64 -m elf_x86_64 -m elf_x86_64 -m elf_x86_64 -m elf_x86_64 -m elf_x86_64 -m elf_x86_64 -m elf_x86_64 -m elf_x86_64 -m elf_x86_64 -m elf_x86_64 -m elf_x86_64 -m elf_x86_64 -m elf_x86_64 -m elf_x86_64 -m elf_x86_64 -m elf_x86_64 -m elf_x86_64 -m elf_x86_64 -m elf_x86_64 -m elf_x86_64 -m elf_x86_64 -m elf_x86_64 -m elf_x86_64 -m elf_x86_64 -m elf_x86_64 -m elf_x86_64 -m elf_x86_64 -m elf_x86_64 -m elf_x86_64 -m elf_x86_64 -m elf_x86_64 -m elf_x86_64 -m elf_x86_64 -m elf_x86_64 -m elf_x86_64 -m elf_x86_64 -m elf_x86_64 -m elf_x86_64 -m elf_x86_64 -m elf_x86_64 -m elf_x86_64 -m elf_x86_64 -m elf_x86_64 -m elf_x86_64 -m elf_x86_64 -m elf_x86_64 -m elf_x86_64 -m elf_x86_64 -m elf_x86_64 -m elf_x86_64 -m elf_x86_64 -m elf_x86_64 -m elf_x86_64 -m elf_x86_64 -m elf_x86_64 -m elf_x86_64 -m elf_x86_64 -m elf_x86_64 -m elf_x86_64 -m elf_x86_64 -m elf_x86_64 -m elf_x86_64 -m elf_x86_64 -m elf_x86_64 -m elf_x86_64 -m elf_x86_64 -m elf_x86_64 -m elf_x86_64 -m elf_x86_64 -m elf_x86_64 -m elf_x86_64 -m elf_x86_64'
LDFLAGS='-L/home/lijiao/anaconda3/lib -L/share/data/lijiao/TRM_SOFTWARE/local/lib'
LIBOBJS=''
LIBS='-lcpgplot -lpgplot -L/usr/X11R6/lib -lX11 -lroche -lbinary -lcolly -lsubs -lcsla -lpcrecpp '
LIBTOOL='$(SHELL) $(top_builddir)/libtool'
LIPO=''
LN_S='ln -s'
LTLIBOBJS=''
LT_SYS_LIBRARY_PATH=''
MAKEINFO='${SHELL} /share/data/lijiao/TRM_SOFTWARE/pylcurve/srcs/cpp-lcurve/missing makeinfo'
MANIFEST_TOOL=':'
MKDIR_P='/usr/bin/mkdir -p'
NM='/usr/bin/nm -B'
NMEDIT=''
OBJDUMP='objdump'
OBJEXT='o'
OTOOL64=''
OTOOL=''
PACKAGE='lcurve'
PACKAGE_BUGREPORT=''
PACKAGE_NAME='lcurve'
PACKAGE_STRING='lcurve 1.3'
PACKAGE_TARNAME='lcurve'
PACKAGE_URL=''
PACKAGE_VERSION='1.3'
PATH_SEPARATOR=':'
PGPLOT_LIBS='-lcpgplot -lpgplot -L/usr/X11R6/lib -lX11'
RANLIB='ranlib'
SED='/usr/bin/sed'
SET_MAKE=''
SHELL='/bin/bash'
STRIP='strip'
VERSION='1.3'
ac_ct_AR=''
ac_ct_CC='gcc'
ac_ct_CXX=''
ac_ct_DUMPBIN=''
am__EXEEXT_FALSE=''
am__EXEEXT_TRUE='#'
am__fastdepCC_FALSE='#'
am__fastdepCC_TRUE=''
am__fastdepCXX_FALSE='#'
am__fastdepCXX_TRUE=''
am__include='include'
am__isrc=''
am__leading_dot='.'
am__nodep='_no'
am__quote=''
am__tar='$${TAR-tar} chof - "$$tardir"'
am__untar='$${TAR-tar} xf -'
bindir='${exec_prefix}/bin'
build='x86_64-pc-linux-gnu'
build_alias=''
build_cpu='x86_64'
build_os='linux-gnu'
build_vendor='pc'
datadir='${datarootdir}'
datarootdir='${prefix}/share'
docdir='${datarootdir}/doc/${PACKAGE_TARNAME}'
dvidir='${docdir}'
exec_prefix='${prefix}'
host='x86_64-pc-linux-gnu'
host_alias=''
host_cpu='x86_64'
host_os='linux-gnu'
host_vendor='pc'
htmldir='${docdir}'
includedir='${prefix}/include'
infodir='${datarootdir}/info'
install_sh='${SHELL} /share/data/lijiao/TRM_SOFTWARE/pylcurve/srcs/cpp-lcurve/install-sh'
libdir='${exec_prefix}/lib'
libexecdir='${exec_prefix}/libexec'
localedir='${datarootdir}/locale'
localstatedir='${prefix}/var'
mandir='${datarootdir}/man'
mkdir_p='$(MKDIR_P)'
oldincludedir='/usr/include'
pdfdir='${docdir}'
prefix='/share/data/lijiao/TRM_SOFTWARE/local'
program_transform_name='s,x,x,'
psdir='${docdir}'
runstatedir='${localstatedir}/run'
sbindir='${exec_prefix}/sbin'
sharedstatedir='${prefix}/com'
sysconfdir='${prefix}/etc'
target_alias=''

## ----------- ##
## confdefs.h. ##
## ----------- ##

/* confdefs.h */
#define PACKAGE_NAME "lcurve"
#define PACKAGE_TARNAME "lcurve"
#define PACKAGE_VERSION "1.3"
#define PACKAGE_STRING "lcurve 1.3"
#define PACKAGE_BUGREPORT ""
#define PACKAGE_URL ""
#define PACKAGE "lcurve"
#define VERSION "1.3"
#define STDC_HEADERS 1
#define HAVE_SYS_TYPES_H 1
#define HAVE_SYS_STAT_H 1
#define HAVE_STDLIB_H 1
#define HAVE_STRING_H 1
#define HAVE_MEMORY_H 1
#define HAVE_STRINGS_H 1
#define HAVE_INTTYPES_H 1
#define HAVE_STDINT_H 1
#define HAVE_UNISTD_H 1
#define HAVE_DLFCN_H 1
#define LT_OBJDIR ".libs/"
#define HAVE_TRM_SUBS_H 1
#define HAVE_TRM_POSITION_H 1
#define HAVE_TRM_CONSTANTS_H 1
#define HAVE_TRM_ARRAY1D_H 1
#define HAVE_TRM_COLLY_H 1
#define HAVE_TRM_BINARY_H 1
#define HAVE_TRM_ROCHE_H 1
#define HAVE_STDLIB_H 1
#define HAVE_FLOAT_H 1
#define HAVE_MATH_H 1
#define HAVE_SSTREAM 1
#define HAVE_STRING 1
#define HAVE_FSTREAM 1
#define HAVE_IOSTREAM 1
#define HAVE_SLALIB_H 1
#define HAVE_LIBPCRECPP 1
#define HAVE_LIBCSLA 1
#define HAVE_LIBSUBS 1
#define HAVE_LIBCOLLY 1
#define HAVE_LIBBINARY 1
#define HAVE_LIBROCHE 1
#define HAVE_CPGPLOT_H 1

configure: exit 0

## ---------------------- ##
## Running config.status. ##
## ---------------------- ##

This file was extended by lcurve config.status 1.3, which was
generated by GNU Autoconf 2.69.  Invocation command line was

  CONFIG_FILES    = 
  CONFIG_HEADERS  = 
  CONFIG_LINKS    = 
  CONFIG_COMMANDS = 
  $ ./config.status 

on R730

config.status:1176: creating Makefile
config.status:1176: creating include/Makefile
config.status:1176: creating src/Makefile
config.status:1176: creating doc/Makefile
config.status:1176: creating config.h
config.status:1357: config.h is unchanged
config.status:1405: executing depfiles commands
config.status:1482: cd src       && sed -e '/# am--include-marker/d' Makefile         | make -f - am--depfiles
make[1]: Entering directory '/share/data/lijiao/TRM_SOFTWARE/pylcurve/srcs/cpp-lcurve/src'
make[1]: Nothing to be done for 'am--depfiles'.
make[1]: Leaving directory '/share/data/lijiao/TRM_SOFTWARE/pylcurve/srcs/cpp-lcurve/src'
config.status:1487: $? = 0
config.status:1405: executing libtool commands
